Using pre-set license
Built from '2020.2/staging' branch; Version is '2020.2.3f1 (8ff31bc5bf5b) revision 9433883'; Using compiler version '192528614'; Build Type 'Release'
OS: 'Windows 10 Home; OS build 19043.1237; Version 2009; 64bit' Language: 'en' Physical Memory: 32704 MB
BatchMode: 1, IsHumanControllingUs: 0, StartBugReporterOnCrash: 0, Is64bit: 1, IsPro: 0

 COMMAND LINE ARGUMENTS:
C:\Program Files\Unity\Hub\Editor\2020.2.3f1\Editor\Unity.exe
-adb2
-batchMode
-noUpm
-name
AssetImportWorker0
-projectPath
C:/Users/Rhys/Documents/GitHub/UntiledPartlyaGame/untipargam
-logFile
Logs/AssetImportWorker0.log
-srvPort
62509
Successfully changed project path to: C:/Users/Rhys/Documents/GitHub/UntiledPartlyaGame/untipargam
C:/Users/Rhys/Documents/GitHub/UntiledPartlyaGame/untipargam
Using Asset Import Pipeline V2.
Refreshing native plugins compatible for Editor in 22.63 ms, found 0 plugins.
Preloading 0 native plugins for Editor in 0.00 ms.
Initialize engine version: 2020.2.3f1 (8ff31bc5bf5b)
[Subsystems] Discovering subsystems at path C:/Program Files/Unity/Hub/Editor/2020.2.3f1/Editor/Data/Resources/UnitySubsystems
[Subsystems] Discovering subsystems at path C:/Users/Rhys/Documents/GitHub/UntiledPartlyaGame/untipargam/Assets
GfxDevice: creating device client; threaded=0
Direct3D:
    Version:  Direct3D 11.0 [level 11.1]
    Renderer: NVIDIA GeForce GTX 1070 (ID=0x1b81)
    Vendor:   
    VRAM:     8088 MB
    Driver:   27.21.14.5671
Initialize mono
Mono path[0] = 'C:/Program Files/Unity/Hub/Editor/2020.2.3f1/Editor/Data/Managed'
Mono path[1] = 'C:/Program Files/Unity/Hub/Editor/2020.2.3f1/Editor/Data/MonoBleedingEdge/lib/mono/unityjit'
Mono config path = 'C:/Program Files/Unity/Hub/Editor/2020.2.3f1/Editor/Data/MonoBleedingEdge/etc'
Using monoOptions --debugger-agent=transport=dt_socket,embedding=1,server=y,suspend=n,address=127.0.0.1:56028
Begin MonoManager ReloadAssembly
Registering precompiled unity dll's ...
Register platform support module: C:/Program Files/Unity/Hub/Editor/2020.2.3f1/Editor/Data/PlaybackEngines/WindowsStandaloneSupport/UnityEditor.WindowsStandalone.Extensions.dll
Registered in 0.002087 seconds.
Native extension for WindowsStandalone target not found
Refreshing native plugins compatible for Editor in 19.03 ms, found 0 plugins.
Preloading 0 native plugins for Editor in 0.00 ms.
Invoked RoslynAnalysisRunner static constructor.
RoslynAnalysisRunner will not be running.
RoslynAnalysisRunner has terminated.
Mono: successfully reloaded assembly
- Completed reload, in  1.657 seconds
Platform modules already initialized, skipping
Registering precompiled user dll's ...
Registered in 0.000720 seconds.
Begin MonoManager ReloadAssembly
Native extension for WindowsStandalone target not found
Refreshing native plugins compatible for Editor in 0.19 ms, found 0 plugins.
Preloading 0 native plugins for Editor in 0.00 ms.
Invoked RoslynAnalysisRunner static constructor.
RoslynAnalysisRunner will not be running.
RoslynAnalysisRunner has terminated.
Mono: successfully reloaded assembly
- Completed reload, in  0.754 seconds
Platform modules already initialized, skipping
========================================================================
Worker process is ready to serve import requests
Launched and connected shader compiler UnityShaderCompiler.exe after 0.06 seconds
Refreshing native plugins compatible for Editor in 0.23 ms, found 0 plugins.
Preloading 0 native plugins for Editor in 0.00 ms.
Unloading 1105 Unused Serialized files (Serialized files now loaded: 0)
System memory in use before: 56.7 MB.
System memory in use after: 56.7 MB.

Unloading 10 unused Assets to reduce memory usage. Loaded Objects now: 1546.
Total: 1.828400 ms (FindLiveObjects: 0.182300 ms CreateObjectMapping: 0.047000 ms MarkObjects: 1.492100 ms  DeleteObjects: 0.105800 ms)

========================================================================
Received Import Request.
  path: Assets/P_Weapon.cs
  artifactKey: Guid(002c92dfb9a9ea643a98156a5508fe8b) Importer(815301076,1909f56bfc062723c751e8b465ee728b)
Start importing Assets/P_Weapon.cs using Guid(002c92dfb9a9ea643a98156a5508fe8b) Importer(815301076,1909f56bfc062723c751e8b465ee728b)  -> (artifact id: 'e77138164fa12240a23fd80a8bacd842') in 0.039670 seconds
  Import took 0.042737 seconds .

========================================================================
Received Import Request.
  Time since last request: 55.944174 seconds.
  path: Assets/P_Bullet.cs
  artifactKey: Guid(390974b12f46afd4e93a10de6d516109) Importer(815301076,1909f56bfc062723c751e8b465ee728b)
Start importing Assets/P_Bullet.cs using Guid(390974b12f46afd4e93a10de6d516109) Importer(815301076,1909f56bfc062723c751e8b465ee728b)  -> (artifact id: '29666741868b4080f345e4de330aa968') in 0.001976 seconds
  Import took 0.004861 seconds .

========================================================================
Received Import Request.
  Time since last request: 0.018642 seconds.
  path: Assets/P_Bullet.cs
  artifactKey: Guid(390974b12f46afd4e93a10de6d516109) Importer(815301076,1909f56bfc062723c751e8b465ee728b)
Start importing Assets/P_Bullet.cs using Guid(390974b12f46afd4e93a10de6d516109) Importer(815301076,1909f56bfc062723c751e8b465ee728b)  -> (artifact id: '29666741868b4080f345e4de330aa968') in 0.002131 seconds
  Import took 0.004217 seconds .

========================================================================
Received Import Request.
  Time since last request: 2.652007 seconds.
  path: Assets/P_HitSplat.cs
  artifactKey: Guid(1de4dee558e7a9a439b66f10df64796c) Importer(815301076,1909f56bfc062723c751e8b465ee728b)
Start importing Assets/P_HitSplat.cs using Guid(1de4dee558e7a9a439b66f10df64796c) Importer(815301076,1909f56bfc062723c751e8b465ee728b)  -> (artifact id: 'b181cbc17e15ca92bfd37b512e1332fb') in 0.002124 seconds
  Import took 0.003625 seconds .

========================================================================
Received Import Request.
  Time since last request: 7.563360 seconds.
  path: Assets/P_Stats.cs
  artifactKey: Guid(ef42d66ad88aabe46af6aa6281b5fcc1) Importer(815301076,1909f56bfc062723c751e8b465ee728b)
Start importing Assets/P_Stats.cs using Guid(ef42d66ad88aabe46af6aa6281b5fcc1) Importer(815301076,1909f56bfc062723c751e8b465ee728b)  -> (artifact id: 'd945b2ab51d7c8257f820770b2bc3fce') in 0.001954 seconds
  Import took 0.006444 seconds .

========================================================================
Received Import Request.
  Time since last request: 0.001003 seconds.
  path: Assets/P_Stats.cs
  artifactKey: Guid(ef42d66ad88aabe46af6aa6281b5fcc1) Importer(815301076,1909f56bfc062723c751e8b465ee728b)
Start importing Assets/P_Stats.cs using Guid(ef42d66ad88aabe46af6aa6281b5fcc1) Importer(815301076,1909f56bfc062723c751e8b465ee728b)  -> (artifact id: 'd945b2ab51d7c8257f820770b2bc3fce') in 0.001773 seconds
  Import took 0.003240 seconds .

========================================================================
Received Import Request.
  Time since last request: 4.040686 seconds.
  path: Assets/P_FireWeapon.cs
  artifactKey: Guid(ca17d9fc5dabad24a8ec0a8a672629cb) Importer(815301076,1909f56bfc062723c751e8b465ee728b)
Start importing Assets/P_FireWeapon.cs using Guid(ca17d9fc5dabad24a8ec0a8a672629cb) Importer(815301076,1909f56bfc062723c751e8b465ee728b)  -> (artifact id: 'ba8e6bfa6cc67950b8d1632ca1c56542') in 0.001981 seconds
  Import took 0.006773 seconds .

========================================================================
Received Import Request.
  Time since last request: 74.209958 seconds.
  path: Assets/P_Movement.cs
  artifactKey: Guid(1e946f826d5ae9146aacaf28c6a55fc3) Importer(815301076,1909f56bfc062723c751e8b465ee728b)
Start importing Assets/P_Movement.cs using Guid(1e946f826d5ae9146aacaf28c6a55fc3) Importer(815301076,1909f56bfc062723c751e8b465ee728b)  -> (artifact id: '2c6bdba430e4f5eee89d2e9cd011bcc7') in 0.003277 seconds
  Import took 0.004961 seconds .

========================================================================
Received Import Request.
  Time since last request: 42.649782 seconds.
  path: Assets/Scenes
  artifactKey: Guid(8d66f914d6b011c429f4cc13345eb7b6) Importer(815301076,1909f56bfc062723c751e8b465ee728b)
Start importing Assets/Scenes using Guid(8d66f914d6b011c429f4cc13345eb7b6) Importer(815301076,1909f56bfc062723c751e8b465ee728b)  -> (artifact id: '7b1f7a95b4cc5fe16a69eecf81e67ee8') in 0.002530 seconds
  Import took 0.006025 seconds .

========================================================================
Received Import Request.
  Time since last request: 0.000361 seconds.
  path: Assets/Scenes
  artifactKey: Guid(8d66f914d6b011c429f4cc13345eb7b6) Importer(815301076,1909f56bfc062723c751e8b465ee728b)
Start importing Assets/Scenes using Guid(8d66f914d6b011c429f4cc13345eb7b6) Importer(815301076,1909f56bfc062723c751e8b465ee728b)  -> (artifact id: '7b1f7a95b4cc5fe16a69eecf81e67ee8') in 0.002220 seconds
  Import took 0.003978 seconds .

========================================================================
Received Import Request.
  Time since last request: 0.565992 seconds.
  path: Assets
  artifactKey: Guid(00000000000000001000000000000000) Importer(815301076,1909f56bfc062723c751e8b465ee728b)
Start importing Assets using Guid(00000000000000001000000000000000) Importer(815301076,1909f56bfc062723c751e8b465ee728b)  -> (artifact id: '653ce283d384579a24208b2e4d727c2a') in 0.002011 seconds
  Import took 0.003772 seconds .

========================================================================
Received Import Request.
  Time since last request: 7.015253 seconds.
  path: Assets/PlayerScripts
  artifactKey: Guid(c73979516e5f68c459acb20e08d85363) Importer(815301076,1909f56bfc062723c751e8b465ee728b)
Start importing Assets/PlayerScripts using Guid(c73979516e5f68c459acb20e08d85363) Importer(815301076,1909f56bfc062723c751e8b465ee728b)  -> (artifact id: 'de5ad632ca1da9593b8906eb376895a3') in 0.002126 seconds
  Import took 0.004360 seconds .

========================================================================
Received Import Request.
  Time since last request: 18.426455 seconds.
  path: Assets/Prefabs
  artifactKey: Guid(ec8bdea45656026448364f96b742ce70) Importer(815301076,1909f56bfc062723c751e8b465ee728b)
Start importing Assets/Prefabs using Guid(ec8bdea45656026448364f96b742ce70) Importer(815301076,1909f56bfc062723c751e8b465ee728b)  -> (artifact id: '47c2dea6a6eab7e95fa4f8c0f2396e29') in 0.002383 seconds
  Import took 0.005562 seconds .

========================================================================
Received Prepare
Registering precompiled user dll's ...
Registered in 0.000696 seconds.
Begin MonoManager ReloadAssembly
Native extension for WindowsStandalone target not found
Refreshing native plugins compatible for Editor in 0.19 ms, found 0 plugins.
Preloading 0 native plugins for Editor in 0.00 ms.
Invoked RoslynAnalysisRunner static constructor.
RoslynAnalysisRunner will not be running.
RoslynAnalysisRunner has terminated.
Mono: successfully reloaded assembly
- Completed reload, in  0.661 seconds
Platform modules already initialized, skipping
Refreshing native plugins compatible for Editor in 0.18 ms, found 0 plugins.
Preloading 0 native plugins for Editor in 0.00 ms.
Unloading 1100 Unused Serialized files (Serialized files now loaded: 0)
System memory in use before: 56.6 MB.
System memory in use after: 56.7 MB.

Unloading 6 unused Assets to reduce memory usage. Loaded Objects now: 1548.
Total: 1.232700 ms (FindLiveObjects: 0.114200 ms CreateObjectMapping: 0.028400 ms MarkObjects: 1.039200 ms  DeleteObjects: 0.049800 ms)

========================================================================
Received Import Request.
  Time since last request: 91.247950 seconds.
  path: Assets/PlayerScripts/HealthManager.cs
  artifactKey: Guid(95a4f02083f3e4a4d9c5d27e46629da7) Importer(815301076,1909f56bfc062723c751e8b465ee728b)
Start importing Assets/PlayerScripts/HealthManager.cs using Guid(95a4f02083f3e4a4d9c5d27e46629da7) Importer(815301076,1909f56bfc062723c751e8b465ee728b)  -> (artifact id: 'e4144849b6be5a97a0613b9ad28c2fd3') in 0.003465 seconds
  Import took 0.004952 seconds .

========================================================================
Received Prepare
Registering precompiled user dll's ...
Registered in 0.000690 seconds.
Begin MonoManager ReloadAssembly
Native extension for WindowsStandalone target not found
Refreshing native plugins compatible for Editor in 0.18 ms, found 0 plugins.
Preloading 0 native plugins for Editor in 0.00 ms.
Invoked RoslynAnalysisRunner static constructor.
RoslynAnalysisRunner will not be running.
RoslynAnalysisRunner has terminated.
Mono: successfully reloaded assembly
- Completed reload, in  0.654 seconds
Platform modules already initialized, skipping
Refreshing native plugins compatible for Editor in 0.17 ms, found 0 plugins.
Preloading 0 native plugins for Editor in 0.00 ms.
Unloading 1100 Unused Serialized files (Serialized files now loaded: 0)
System memory in use before: 56.7 MB.
System memory in use after: 56.7 MB.

Unloading 5 unused Assets to reduce memory usage. Loaded Objects now: 1550.
Total: 1.368000 ms (FindLiveObjects: 0.182400 ms CreateObjectMapping: 0.049000 ms MarkObjects: 1.091000 ms  DeleteObjects: 0.044800 ms)

========================================================================
Received Import Request.
  Time since last request: 51.508072 seconds.
  path: Assets/PlayerScripts/HealthManager.cs
  artifactKey: Guid(95a4f02083f3e4a4d9c5d27e46629da7) Importer(815301076,1909f56bfc062723c751e8b465ee728b)
Start importing Assets/PlayerScripts/HealthManager.cs using Guid(95a4f02083f3e4a4d9c5d27e46629da7) Importer(815301076,1909f56bfc062723c751e8b465ee728b)  -> (artifact id: '45c18e380c04f1b7b10e17e3f2429c83') in 0.004278 seconds
  Import took 0.007251 seconds .

========================================================================
Received Prepare
Registering precompiled user dll's ...
Registered in 0.000866 seconds.
Begin MonoManager ReloadAssembly
Native extension for WindowsStandalone target not found
Refreshing native plugins compatible for Editor in 0.19 ms, found 0 plugins.
Preloading 0 native plugins for Editor in 0.00 ms.
Invoked RoslynAnalysisRunner static constructor.
RoslynAnalysisRunner will not be running.
RoslynAnalysisRunner has terminated.
Mono: successfully reloaded assembly
- Completed reload, in  0.638 seconds
Platform modules already initialized, skipping
Refreshing native plugins compatible for Editor in 0.17 ms, found 0 plugins.
Preloading 0 native plugins for Editor in 0.00 ms.
Unloading 1100 Unused Serialized files (Serialized files now loaded: 0)
System memory in use before: 56.7 MB.
System memory in use after: 56.8 MB.

Unloading 5 unused Assets to reduce memory usage. Loaded Objects now: 1552.
Total: 1.299100 ms (FindLiveObjects: 0.118200 ms CreateObjectMapping: 0.029000 ms MarkObjects: 1.104100 ms  DeleteObjects: 0.046600 ms)

========================================================================
Received Import Request.
  Time since last request: 246.162574 seconds.
  path: Assets/Audio
  artifactKey: Guid(119cac411a091904f96221819e884841) Importer(815301076,1909f56bfc062723c751e8b465ee728b)
Start importing Assets/Audio using Guid(119cac411a091904f96221819e884841) Importer(815301076,1909f56bfc062723c751e8b465ee728b)  -> (artifact id: '72aa9ea0a18e76a033f002d68feb7f34') in 0.003756 seconds
  Import took 0.006973 seconds .

========================================================================
Received Import Request.
  Time since last request: 16.037133 seconds.
  path: Assets/pchoo.wav
  artifactKey: Guid(1db6b9ee28060234887553ffd8f773a6) Importer(815301076,1909f56bfc062723c751e8b465ee728b)
Start importing Assets/pchoo.wav using Guid(1db6b9ee28060234887553ffd8f773a6) Importer(815301076,1909f56bfc062723c751e8b465ee728b)  -> (artifact id: '0e58c8e22a6d8417f1887645af7a1567') in 0.065878 seconds
  Import took 0.067811 seconds .

========================================================================
Received Prepare
Registering precompiled user dll's ...
Registered in 0.000740 seconds.
Begin MonoManager ReloadAssembly
Native extension for WindowsStandalone target not found
Refreshing native plugins compatible for Editor in 0.18 ms, found 0 plugins.
Preloading 0 native plugins for Editor in 0.00 ms.
Invoked RoslynAnalysisRunner static constructor.
RoslynAnalysisRunner will not be running.
RoslynAnalysisRunner has terminated.
Mono: successfully reloaded assembly
- Completed reload, in  0.649 seconds
Platform modules already initialized, skipping
Refreshing native plugins compatible for Editor in 0.17 ms, found 0 plugins.
Preloading 0 native plugins for Editor in 0.00 ms.
Unloading 1100 Unused Serialized files (Serialized files now loaded: 0)
System memory in use before: 59.8 MB.
System memory in use after: 59.9 MB.

Unloading 5 unused Assets to reduce memory usage. Loaded Objects now: 1563.
Total: 1.506700 ms (FindLiveObjects: 0.115000 ms CreateObjectMapping: 0.028900 ms MarkObjects: 1.317400 ms  DeleteObjects: 0.044500 ms)

========================================================================
Received Import Request.
  Time since last request: 171.118770 seconds.
  path: Assets/Material
  artifactKey: Guid(e6e8969094109764987027dea0319401) Importer(815301076,1909f56bfc062723c751e8b465ee728b)
Start importing Assets/Material using Guid(e6e8969094109764987027dea0319401) Importer(815301076,1909f56bfc062723c751e8b465ee728b)  -> (artifact id: '882ae8cedc0fbe737dc5c9ab8ba63e77') in 0.003307 seconds
  Import took 0.006659 seconds .

========================================================================
Received Import Request.
  Time since last request: 10.233737 seconds.
  path: Assets/Prefabs/bullet.prefab
  artifactKey: Guid(157bc6fc303eb40418c35443270bc02a) Importer(815301076,1909f56bfc062723c751e8b465ee728b)
Start importing Assets/Prefabs/bullet.prefab using Guid(157bc6fc303eb40418c35443270bc02a) Importer(815301076,1909f56bfc062723c751e8b465ee728b)  -> (artifact id: '2ca98608036c70abab2ccddf33b976a9') in 0.048871 seconds
  Import took 0.050472 seconds .

========================================================================
Received Prepare
Registering precompiled user dll's ...
Registered in 0.000905 seconds.
Begin MonoManager ReloadAssembly
Native extension for WindowsStandalone target not found
Refreshing native plugins compatible for Editor in 0.18 ms, found 0 plugins.
Preloading 0 native plugins for Editor in 0.00 ms.
Invoked RoslynAnalysisRunner static constructor.
RoslynAnalysisRunner will not be running.
RoslynAnalysisRunner has terminated.
Mono: successfully reloaded assembly
- Completed reload, in  0.647 seconds
Platform modules already initialized, skipping
Refreshing native plugins compatible for Editor in 0.17 ms, found 0 plugins.
Preloading 0 native plugins for Editor in 0.00 ms.
Unloading 1100 Unused Serialized files (Serialized files now loaded: 0)
System memory in use before: 59.9 MB.
System memory in use after: 60.0 MB.

Unloading 6 unused Assets to reduce memory usage. Loaded Objects now: 1567.
Total: 1.402000 ms (FindLiveObjects: 0.199900 ms CreateObjectMapping: 0.102200 ms MarkObjects: 1.051600 ms  DeleteObjects: 0.047300 ms)

========================================================================
Received Prepare
Registering precompiled user dll's ...
Registered in 0.000714 seconds.
Begin MonoManager ReloadAssembly
Native extension for WindowsStandalone target not found
Refreshing native plugins compatible for Editor in 0.20 ms, found 0 plugins.
Preloading 0 native plugins for Editor in 0.00 ms.
Invoked RoslynAnalysisRunner static constructor.
RoslynAnalysisRunner will not be running.
RoslynAnalysisRunner has terminated.
Mono: successfully reloaded assembly
- Completed reload, in  0.659 seconds
Platform modules already initialized, skipping
Refreshing native plugins compatible for Editor in 0.18 ms, found 0 plugins.
Preloading 0 native plugins for Editor in 0.00 ms.
Unloading 1100 Unused Serialized files (Serialized files now loaded: 0)
System memory in use before: 59.9 MB.
System memory in use after: 60.0 MB.

Unloading 5 unused Assets to reduce memory usage. Loaded Objects now: 1569.
Total: 1.541200 ms (FindLiveObjects: 0.195900 ms CreateObjectMapping: 0.059600 ms MarkObjects: 1.218000 ms  DeleteObjects: 0.066300 ms)

========================================================================
Received Prepare
Registering precompiled user dll's ...
Registered in 0.000793 seconds.
Begin MonoManager ReloadAssembly
Native extension for WindowsStandalone target not found
Refreshing native plugins compatible for Editor in 0.18 ms, found 0 plugins.
Preloading 0 native plugins for Editor in 0.00 ms.
Invoked RoslynAnalysisRunner static constructor.
RoslynAnalysisRunner will not be running.
RoslynAnalysisRunner has terminated.
Mono: successfully reloaded assembly
- Completed reload, in  0.698 seconds
Platform modules already initialized, skipping
Refreshing native plugins compatible for Editor in 0.18 ms, found 0 plugins.
Preloading 0 native plugins for Editor in 0.00 ms.
Unloading 1100 Unused Serialized files (Serialized files now loaded: 0)
System memory in use before: 59.9 MB.
System memory in use after: 60.0 MB.

Unloading 5 unused Assets to reduce memory usage. Loaded Objects now: 1571.
Total: 1.332900 ms (FindLiveObjects: 0.130500 ms CreateObjectMapping: 0.036400 ms MarkObjects: 1.116800 ms  DeleteObjects: 0.048000 ms)

========================================================================
Received Prepare
Registering precompiled user dll's ...
Registered in 0.000709 seconds.
Begin MonoManager ReloadAssembly
Native extension for WindowsStandalone target not found
Refreshing native plugins compatible for Editor in 0.19 ms, found 0 plugins.
Preloading 0 native plugins for Editor in 0.00 ms.
Invoked RoslynAnalysisRunner static constructor.
RoslynAnalysisRunner will not be running.
RoslynAnalysisRunner has terminated.
Mono: successfully reloaded assembly
- Completed reload, in  0.628 seconds
Platform modules already initialized, skipping
Refreshing native plugins compatible for Editor in 0.17 ms, found 0 plugins.
Preloading 0 native plugins for Editor in 0.00 ms.
Unloading 1100 Unused Serialized files (Serialized files now loaded: 0)
System memory in use before: 59.9 MB.
System memory in use after: 60.0 MB.

Unloading 5 unused Assets to reduce memory usage. Loaded Objects now: 1573.
Total: 1.449200 ms (FindLiveObjects: 0.187800 ms CreateObjectMapping: 0.044000 ms MarkObjects: 1.171800 ms  DeleteObjects: 0.044400 ms)

========================================================================
Received Import Request.
  Time since last request: 261.673648 seconds.
  path: Assets/Prefabs/bullet.prefab
  artifactKey: Guid(157bc6fc303eb40418c35443270bc02a) Importer(815301076,1909f56bfc062723c751e8b465ee728b)
Start importing Assets/Prefabs/bullet.prefab using Guid(157bc6fc303eb40418c35443270bc02a) Importer(815301076,1909f56bfc062723c751e8b465ee728b)  -> (artifact id: 'fb29507f1576e3210ae5ffb9a8470da5') in 0.042426 seconds
  Import took 0.045469 seconds .

========================================================================
Received Prepare
Registering precompiled user dll's ...
Registered in 0.000718 seconds.
Begin MonoManager ReloadAssembly
Native extension for WindowsStandalone target not found
Refreshing native plugins compatible for Editor in 0.20 ms, found 0 plugins.
Preloading 0 native plugins for Editor in 0.00 ms.
Invoked RoslynAnalysisRunner static constructor.
RoslynAnalysisRunner will not be running.
RoslynAnalysisRunner has terminated.
Mono: successfully reloaded assembly
- Completed reload, in  0.775 seconds
Platform modules already initialized, skipping
Refreshing native plugins compatible for Editor in 0.33 ms, found 0 plugins.
Preloading 0 native plugins for Editor in 0.00 ms.
Unloading 1100 Unused Serialized files (Serialized files now loaded: 0)
System memory in use before: 60.0 MB.
System memory in use after: 60.0 MB.

Unloading 6 unused Assets to reduce memory usage. Loaded Objects now: 1576.
Total: 1.586100 ms (FindLiveObjects: 0.128400 ms CreateObjectMapping: 0.049700 ms MarkObjects: 1.355800 ms  DeleteObjects: 0.051000 ms)

========================================================================
Received Import Request.
  Time since last request: 41.771609 seconds.
  path: Assets/Prefabs/bullet.prefab
  artifactKey: Guid(157bc6fc303eb40418c35443270bc02a) Importer(815301076,1909f56bfc062723c751e8b465ee728b)
Start importing Assets/Prefabs/bullet.prefab using Guid(157bc6fc303eb40418c35443270bc02a) Importer(815301076,1909f56bfc062723c751e8b465ee728b)  -> (artifact id: '597979949e05ac54ebf16f9a2cc98298') in 0.049341 seconds
  Import took 0.051581 seconds .

========================================================================
Received Prepare
Registering precompiled user dll's ...
Registered in 0.000781 seconds.
Begin MonoManager ReloadAssembly
Native extension for WindowsStandalone target not found
Refreshing native plugins compatible for Editor in 0.18 ms, found 0 plugins.
Preloading 0 native plugins for Editor in 0.00 ms.
Invoked RoslynAnalysisRunner static constructor.
RoslynAnalysisRunner will not be running.
RoslynAnalysisRunner has terminated.
Mono: successfully reloaded assembly
- Completed reload, in  0.622 seconds
Platform modules already initialized, skipping
Refreshing native plugins compatible for Editor in 0.17 ms, found 0 plugins.
Preloading 0 native plugins for Editor in 0.00 ms.
Unloading 1100 Unused Serialized files (Serialized files now loaded: 0)
System memory in use before: 60.0 MB.
System memory in use after: 60.1 MB.

Unloading 6 unused Assets to reduce memory usage. Loaded Objects now: 1579.
Total: 1.309400 ms (FindLiveObjects: 0.111600 ms CreateObjectMapping: 0.030100 ms MarkObjects: 1.117200 ms  DeleteObjects: 0.049900 ms)

========================================================================
Received Prepare
Registering precompiled user dll's ...
Registered in 0.000717 seconds.
Begin MonoManager ReloadAssembly
Native extension for WindowsStandalone target not found
Refreshing native plugins compatible for Editor in 0.18 ms, found 0 plugins.
Preloading 0 native plugins for Editor in 0.00 ms.
Invoked RoslynAnalysisRunner static constructor.
RoslynAnalysisRunner will not be running.
RoslynAnalysisRunner has terminated.
Mono: successfully reloaded assembly
- Completed reload, in  0.649 seconds
Platform modules already initialized, skipping
Refreshing native plugins compatible for Editor in 0.17 ms, found 0 plugins.
Preloading 0 native plugins for Editor in 0.00 ms.
Unloading 1100 Unused Serialized files (Serialized files now loaded: 0)
System memory in use before: 60.0 MB.
System memory in use after: 60.1 MB.

Unloading 5 unused Assets to reduce memory usage. Loaded Objects now: 1581.
Total: 1.250800 ms (FindLiveObjects: 0.112600 ms CreateObjectMapping: 0.028400 ms MarkObjects: 1.061900 ms  DeleteObjects: 0.047100 ms)

========================================================================
Received Prepare
Registering precompiled user dll's ...
Registered in 0.000706 seconds.
Begin MonoManager ReloadAssembly
Native extension for WindowsStandalone target not found
Refreshing native plugins compatible for Editor in 0.18 ms, found 0 plugins.
Preloading 0 native plugins for Editor in 0.00 ms.
Invoked RoslynAnalysisRunner static constructor.
RoslynAnalysisRunner will not be running.
RoslynAnalysisRunner has terminated.
Mono: successfully reloaded assembly
- Completed reload, in  0.680 seconds
Platform modules already initialized, skipping
Refreshing native plugins compatible for Editor in 0.18 ms, found 0 plugins.
Preloading 0 native plugins for Editor in 0.00 ms.
Unloading 1100 Unused Serialized files (Serialized files now loaded: 0)
System memory in use before: 60.0 MB.
System memory in use after: 60.1 MB.

Unloading 5 unused Assets to reduce memory usage. Loaded Objects now: 1583.
Total: 1.321600 ms (FindLiveObjects: 0.123600 ms CreateObjectMapping: 0.033500 ms MarkObjects: 1.118600 ms  DeleteObjects: 0.045200 ms)

========================================================================
Received Prepare
Registering precompiled user dll's ...
Registered in 0.000945 seconds.
Begin MonoManager ReloadAssembly
Native extension for WindowsStandalone target not found
Refreshing native plugins compatible for Editor in 0.21 ms, found 0 plugins.
Preloading 0 native plugins for Editor in 0.00 ms.
Invoked RoslynAnalysisRunner static constructor.
RoslynAnalysisRunner will not be running.
RoslynAnalysisRunner has terminated.
Mono: successfully reloaded assembly
- Completed reload, in  0.765 seconds
Platform modules already initialized, skipping
Refreshing native plugins compatible for Editor in 0.19 ms, found 0 plugins.
Preloading 0 native plugins for Editor in 0.00 ms.
Unloading 1100 Unused Serialized files (Serialized files now loaded: 0)
System memory in use before: 60.0 MB.
System memory in use after: 60.1 MB.

Unloading 5 unused Assets to reduce memory usage. Loaded Objects now: 1585.
Total: 1.510200 ms (FindLiveObjects: 0.151900 ms CreateObjectMapping: 0.041600 ms MarkObjects: 1.263200 ms  DeleteObjects: 0.052400 ms)

========================================================================
Received Prepare
Registering precompiled user dll's ...
Registered in 0.001099 seconds.
Begin MonoManager ReloadAssembly
Native extension for WindowsStandalone target not found
Refreshing native plugins compatible for Editor in 0.19 ms, found 0 plugins.
Preloading 0 native plugins for Editor in 0.00 ms.
Invoked RoslynAnalysisRunner static constructor.
RoslynAnalysisRunner will not be running.
RoslynAnalysisRunner has terminated.
Mono: successfully reloaded assembly
- Completed reload, in  0.689 seconds
Platform modules already initialized, skipping
Refreshing native plugins compatible for Editor in 0.17 ms, found 0 plugins.
Preloading 0 native plugins for Editor in 0.00 ms.
Unloading 1100 Unused Serialized files (Serialized files now loaded: 0)
System memory in use before: 60.0 MB.
System memory in use after: 60.1 MB.

Unloading 5 unused Assets to reduce memory usage. Loaded Objects now: 1587.
Total: 1.384500 ms (FindLiveObjects: 0.122800 ms CreateObjectMapping: 0.029000 ms MarkObjects: 1.182200 ms  DeleteObjects: 0.049300 ms)

========================================================================
Received Import Request.
  Time since last request: 357.520463 seconds.
  path: Assets/PlayerScripts/aaa.png
  artifactKey: Guid(2acd16c31919d0748abe4a93700bbb55) Importer(815301076,1909f56bfc062723c751e8b465ee728b)
Start importing Assets/PlayerScripts/aaa.png using Guid(2acd16c31919d0748abe4a93700bbb55) Importer(815301076,1909f56bfc062723c751e8b465ee728b)  -> (artifact id: 'c0d25e110bc1c1dfd2d4c98c06a73d9c') in 0.038186 seconds
  Import took 0.040447 seconds .

========================================================================
Received Import Request.
  Time since last request: 7.525683 seconds.
  path: Assets/Art
  artifactKey: Guid(0f2731bb29d17ac4aa98f259d1625c88) Importer(815301076,1909f56bfc062723c751e8b465ee728b)
Start importing Assets/Art using Guid(0f2731bb29d17ac4aa98f259d1625c88) Importer(815301076,1909f56bfc062723c751e8b465ee728b)  -> (artifact id: '52131875ef0aa3523b1100b34fcc2868') in 0.002072 seconds
  Import took 0.005273 seconds .

========================================================================
Received Import Request.
  Time since last request: 8.858771 seconds.
  path: Assets/Art/Texture
  artifactKey: Guid(5f8680f48e299b146bade3cd27157369) Importer(815301076,1909f56bfc062723c751e8b465ee728b)
Start importing Assets/Art/Texture using Guid(5f8680f48e299b146bade3cd27157369) Importer(815301076,1909f56bfc062723c751e8b465ee728b)  -> (artifact id: '55f9d392e97b881b0f74fcd8ee236303') in 0.002401 seconds
  Import took 0.004678 seconds .

========================================================================
Received Import Request.
  Time since last request: 28.168430 seconds.
  path: Assets/Art/Texture/aaa.png
  artifactKey: Guid(2acd16c31919d0748abe4a93700bbb55) Importer(815301076,1909f56bfc062723c751e8b465ee728b)
Start importing Assets/Art/Texture/aaa.png using Guid(2acd16c31919d0748abe4a93700bbb55) Importer(815301076,1909f56bfc062723c751e8b465ee728b)  -> (artifact id: '6b7ad0dba6cec44cc40a0be571166179') in 0.025956 seconds
  Import took 0.028369 seconds .

========================================================================
Received Import Request.
  Time since last request: 0.000313 seconds.
  path: Assets/Art/Texture/aaa.png
  artifactKey: Guid(2acd16c31919d0748abe4a93700bbb55) Importer(815301076,1909f56bfc062723c751e8b465ee728b)
Start importing Assets/Art/Texture/aaa.png using Guid(2acd16c31919d0748abe4a93700bbb55) Importer(815301076,1909f56bfc062723c751e8b465ee728b)  -> (artifact id: '6b7ad0dba6cec44cc40a0be571166179') in 0.010139 seconds
  Import took 0.012717 seconds .

========================================================================
Received Prepare
Registering precompiled user dll's ...
Registered in 0.000909 seconds.
Begin MonoManager ReloadAssembly
Native extension for WindowsStandalone target not found
Refreshing native plugins compatible for Editor in 0.18 ms, found 0 plugins.
Preloading 0 native plugins for Editor in 0.00 ms.
Invoked RoslynAnalysisRunner static constructor.
RoslynAnalysisRunner will not be running.
RoslynAnalysisRunner has terminated.
Mono: successfully reloaded assembly
- Completed reload, in  0.634 seconds
Platform modules already initialized, skipping
Refreshing native plugins compatible for Editor in 0.17 ms, found 0 plugins.
Preloading 0 native plugins for Editor in 0.00 ms.
Unloading 1100 Unused Serialized files (Serialized files now loaded: 0)
System memory in use before: 60.0 MB.
System memory in use after: 60.1 MB.

Unloading 5 unused Assets to reduce memory usage. Loaded Objects now: 1594.
Total: 1.351800 ms (FindLiveObjects: 0.130100 ms CreateObjectMapping: 0.033400 ms MarkObjects: 1.138400 ms  DeleteObjects: 0.049100 ms)

========================================================================
Received Import Request.
  Time since last request: 190.326303 seconds.
  path: Assets/Prefabs/bullet.prefab
  artifactKey: Guid(157bc6fc303eb40418c35443270bc02a) Importer(815301076,1909f56bfc062723c751e8b465ee728b)
Start importing Assets/Prefabs/bullet.prefab using Guid(157bc6fc303eb40418c35443270bc02a) Importer(815301076,1909f56bfc062723c751e8b465ee728b)  -> (artifact id: 'a80c717ce2dbc3c047c3ef4d5e856986') in 0.042407 seconds
  Import took 0.044111 seconds .

========================================================================
Received Prepare
Registering precompiled user dll's ...
Registered in 0.000990 seconds.
Begin MonoManager ReloadAssembly
Native extension for WindowsStandalone target not found
Refreshing native plugins compatible for Editor in 0.28 ms, found 0 plugins.
Preloading 0 native plugins for Editor in 0.00 ms.
Invoked RoslynAnalysisRunner static constructor.
RoslynAnalysisRunner will not be running.
RoslynAnalysisRunner has terminated.
Mono: successfully reloaded assembly
- Completed reload, in  0.828 seconds
Platform modules already initialized, skipping
Refreshing native plugins compatible for Editor in 0.23 ms, found 0 plugins.
Preloading 0 native plugins for Editor in 0.00 ms.
Unloading 1100 Unused Serialized files (Serialized files now loaded: 0)
System memory in use before: 60.1 MB.
System memory in use after: 60.1 MB.

Unloading 6 unused Assets to reduce memory usage. Loaded Objects now: 1597.
Total: 1.614100 ms (FindLiveObjects: 0.198700 ms CreateObjectMapping: 0.052600 ms MarkObjects: 1.310500 ms  DeleteObjects: 0.051100 ms)

========================================================================
Received Prepare
Registering precompiled user dll's ...
Registered in 0.000766 seconds.
Begin MonoManager ReloadAssembly
Native extension for WindowsStandalone target not found
Refreshing native plugins compatible for Editor in 0.34 ms, found 0 plugins.
Preloading 0 native plugins for Editor in 0.00 ms.
Invoked RoslynAnalysisRunner static constructor.
RoslynAnalysisRunner will not be running.
RoslynAnalysisRunner has terminated.
Mono: successfully reloaded assembly
- Completed reload, in  0.769 seconds
Platform modules already initialized, skipping
Refreshing native plugins compatible for Editor in 0.20 ms, found 0 plugins.
Preloading 0 native plugins for Editor in 0.00 ms.
Unloading 1100 Unused Serialized files (Serialized files now loaded: 0)
System memory in use before: 60.1 MB.
System memory in use after: 60.1 MB.

Unloading 5 unused Assets to reduce memory usage. Loaded Objects now: 1599.
Total: 1.748700 ms (FindLiveObjects: 0.219200 ms CreateObjectMapping: 0.062200 ms MarkObjects: 1.415100 ms  DeleteObjects: 0.050300 ms)

AssetImportWorkerClient::OnTransportError - code=2 error=End of file
